<?xml version="1.0" encoding="UTF-8" ?>
<testsuite tests="323" failures="0" name="com.hopper.tests.TestRunner" time="0.047" errors="0" skipped="0">
  <properties>
[...]
</properties>
  <testcase classname="Scenario: Missing Authorization header" name="Given simple init" time="0.004"/>
  <testcase classname="Scenario: Missing Authorization header" name="And partner is &quot;EPS&quot;" time="0"/>
  <testcase classname="Scenario: Missing Authorization header" name="And web application endpoint url is &quot;https://test.ean.com&quot;" time="0"/>
  <testcase classname="Scenario: Missing Authorization header" name="And version is &quot;2.1&quot;" time="0"/>
  <testcase classname="Scenario: Missing Authorization header" name="And headers are" time="0.001"/>
  <testcase classname="Scenario: Missing Authorization header" name="And Generate authHeaderKey with" time="0.001"/>
  <testcase classname="Scenario: Missing Authorization header" name="Given Basic web application is running" time="0"/>
  <testcase classname="Scenario: Missing Authorization header" name="When user sets GET request to &quot;properties/availability&quot;" time="0"/>
  <testcase classname="Scenario: Missing Authorization header" name="And user sets header &quot;Authorization&quot; value &quot;null&quot;" time="0"/>
  <testcase classname="Scenario: Missing Authorization header" name="And performs GET request" time="0"/>
  <testcase classname="Scenario: Missing Authorization header" name="Then the response code should be 401" time="0"/>
  <testcase classname="Scenario: Missing Authorization header" name="And user should see json response with paris on the filtered &quot;.&quot; node" time="0"/>
  <testcase classname="Scenario: Missing Authorization header" name="Scenario: Missing Authorization header" time="0.001"/>
  <testcase classname="Scenario: Invalid Authorization header" name="Given simple init" time="0"/>
  <testcase classname="Scenario: Invalid Authorization header" name="And partner is &quot;EPS&quot;" time="0"/>
  <testcase classname="Scenario: Invalid Authorization header" name="And web application endpoint url is &quot;https://test.ean.com&quot;" time="0"/>
  <testcase classname="Scenario: Invalid Authorization header" name="And version is &quot;2.1&quot;" time="0.001"/>
  <testcase classname="Scenario: Invalid Authorization header" name="And headers are" time="0.001"/>
  <testcase classname="Scenario: Invalid Authorization header" name="And Generate authHeaderKey with" time="0"/>
  <testcase classname="Scenario: Invalid Authorization header" name="Given Basic web application is running" time="0"/>
  <testcase classname="Scenario: Invalid Authorization header" name="When user sets GET request to &quot;properties/availability&quot;" time="0"/>
  <testcase classname="Scenario: Invalid Authorization header" name="And user sets header &quot;Authorization&quot; value &quot;abc123&quot;" time="0"/>
  <testcase classname="Scenario: Invalid Authorization header" name="And performs GET request" time="0"/>
  <testcase classname="Scenario: Invalid Authorization header" name="Then the response code should be 401" time="0"/>
  <testcase classname="Scenario: Invalid Authorization header" name="And user should see json response with paris on the filtered &quot;.&quot; node" time="0"/>
  <testcase classname="Scenario: Invalid Authorization header" name="Scenario: Invalid Authorization header" time="0"/>
  <testcase classname="Scenario: Invalid resource" name="Given simple init" time="0"/>
  <testcase classname="Scenario: Invalid resource" name="And partner is &quot;EPS&quot;" time="0"/>
  <testcase classname="Scenario: Invalid resource" name="And web application endpoint url is &quot;https://test.ean.com&quot;" time="0"/>
  <testcase classname="Scenario: Invalid resource" name="And version is &quot;2.1&quot;" time="0"/>
  <testcase classname="Scenario: Invalid resource" name="And headers are" time="0"/>
  <testcase classname="Scenario: Invalid resource" name="And Generate authHeaderKey with" time="0"/>
  <testcase classname="Scenario: Invalid resource" name="Given Basic web application is running" time="0"/>
  <testcase classname="Scenario: Invalid resource" name="When user sets GET request to &quot;properties/availability123&quot;" time="0.001"/>
  <testcase classname="Scenario: Invalid resource" name="And performs GET request" time="0"/>
  <testcase classname="Scenario: Invalid resource" name="Then the response code should be 404" time="0"/>
  <testcase classname="Scenario: Invalid resource" name="And user should see json response with paris on the filtered &quot;.&quot; node" time="0"/>
  <testcase classname="Scenario: Invalid resource" name="Scenario: Invalid resource" time="0"/>
  <testcase classname="Scenario: Invalid version" name="Given simple init" time="0"/>
  <testcase classname="Scenario: Invalid version" name="And partner is &quot;EPS&quot;" time="0"/>
  <testcase classname="Scenario: Invalid version" name="And web application endpoint url is &quot;https://test.ean.com&quot;" time="0"/>
  <testcase classname="Scenario: Invalid version" name="And version is &quot;2.1&quot;" time="0"/>
  <testcase classname="Scenario: Invalid version" name="And headers are" time="0"/>
  <testcase classname="Scenario: Invalid version" name="And Generate authHeaderKey with" time="0"/>
  <testcase classname="Scenario: Invalid version" name="Given Basic web application is running" time="0"/>
  <testcase classname="Scenario: Invalid version" name="When user sets GET request to &quot;properties/availability&quot;" time="0"/>
  <testcase classname="Scenario: Invalid version" name="And version is &quot;1&quot;" time="0.001"/>
  <testcase classname="Scenario: Invalid version" name="And performs GET request" time="0"/>
  <testcase classname="Scenario: Invalid version" name="Then the response code should be 400" time="0"/>
  <testcase classname="Scenario: Invalid version" name="And user should see json response with paris on the filtered &quot;.&quot; node" time="0"/>
  <testcase classname="Scenario: Invalid version" name="And user should see json response with paris on the filtered &quot;fields[0]&quot; node" time="0"/>
  <testcase classname="Scenario: Invalid version" name="Scenario: Invalid version" time="0"/>
  <testcase classname="Scenario: Missing version" name="Given simple init" time="0"/>
  <testcase classname="Scenario: Missing version" name="And partner is &quot;EPS&quot;" time="0"/>
  <testcase classname="Scenario: Missing version" name="And web application endpoint url is &quot;https://test.ean.com&quot;" time="0"/>
  <testcase classname="Scenario: Missing version" name="And version is &quot;2.1&quot;" time="0"/>
  <testcase classname="Scenario: Missing version" name="And headers are" time="0.002"/>
  <testcase classname="Scenario: Missing version" name="And Generate authHeaderKey with" time="0"/>
  <testcase classname="Scenario: Missing version" name="Given Basic web application is running" time="0.001"/>
  <testcase classname="Scenario: Missing version" name="When user sets GET request to &quot;properties/availability&quot;" time="0"/>
  <testcase classname="Scenario: Missing version" name="And version is &quot;null&quot;" time="0"/>
  <testcase classname="Scenario: Missing version" name="And performs GET request" time="0"/>
  <testcase classname="Scenario: Missing version" name="Then the response code should be 404" time="0"/>
  <testcase classname="Scenario: Missing version" name="Scenario: Missing version" time="0"/>
  <testcase classname="| Test | no_availability | 404 | no_availability | No availability was found for the properties requested. |" name="Given simple init" time="0"/>
  <testcase classname="| Test | no_availability | 404 | no_availability | No availability was found for the properties requested. |" name="And partner is &quot;EPS&quot;" time="0.001"/>
  <testcase classname="| Test | no_availability | 404 | no_availability | No availability was found for the properties requested. |" name="And web application endpoint url is &quot;https://test.ean.com&quot;" time="0"/>
  <testcase classname="| Test | no_availability | 404 | no_availability | No availability was found for the properties requested. |" name="And version is &quot;2.1&quot;" time="0"/>
  <testcase classname="| Test | no_availability | 404 | no_availability | No availability was found for the properties requested. |" name="And headers are" time="0"/>
  <testcase classname="| Test | no_availability | 404 | no_availability | No availability was found for the properties requested. |" name="And Generate authHeaderKey with" time="0"/>
  <testcase classname="| Test | no_availability | 404 | no_availability | No availability was found for the properties requested. |" name="And queryParams are" time="0"/>
  <testcase classname="| Test | no_availability | 404 | no_availability | No availability was found for the properties requested. |" name="And user sets GET request to &quot;properties/availability&quot;" time="0"/>
  <testcase classname="| Test | no_availability | 404 | no_availability | No availability was found for the properties requested. |" name="Given Basic web application is running" time="0"/>
  <testcase classname="| Test | no_availability | 404 | no_availability | No availability was found for the properties requested. |" name="When user sets header &quot;Test&quot; value &quot;no_availability&quot;" time="0"/>
  <testcase classname="| Test | no_availability | 404 | no_availability | No availability was found for the properties requested. |" name="And performs GET request" time="0"/>
  <testcase classname="| Test | no_availability | 404 | no_availability | No availability was found for the properties requested. |" name="Then the response code should be &quot;404&quot;" time="0"/>
  <testcase classname="| Test | no_availability | 404 | no_availability | No availability was found for the properties requested. |" name="And user should see json response with paris on the filtered &quot;.&quot; node" time="0"/>
  <testcase classname="| Test | no_availability | 404 | no_availability | No availability was found for the properties requested. |" name="| Test | no_availability | 404 | no_availability | No availability was found for the properties requested. |" time="0"/>
  <testcase classname="| Test | unknown_internal_error | 500 | unknown_internal_error | An internal server error has occurred. |" name="Given simple init" time="0"/>
  <testcase classname="| Test | unknown_internal_error | 500 | unknown_internal_error | An internal server error has occurred. |" name="And partner is &quot;EPS&quot;" time="0"/>
  <testcase classname="| Test | unknown_internal_error | 500 | unknown_internal_error | An internal server error has occurred. |" name="And web application endpoint url is &quot;https://test.ean.com&quot;" time="0"/>
  <testcase classname="| Test | unknown_internal_error | 500 | unknown_internal_error | An internal server error has occurred. |" name="And version is &quot;2.1&quot;" time="0"/>
  <testcase classname="| Test | unknown_internal_error | 500 | unknown_internal_error | An internal server error has occurred. |" name="And headers are" time="0"/>
  <testcase classname="| Test | unknown_internal_error | 500 | unknown_internal_error | An internal server error has occurred. |" name="And Generate authHeaderKey with" time="0.001"/>
  <testcase classname="| Test | unknown_internal_error | 500 | unknown_internal_error | An internal server error has occurred. |" name="And queryParams are" time="0"/>
  <testcase classname="| Test | unknown_internal_error | 500 | unknown_internal_error | An internal server error has occurred. |" name="And user sets GET request to &quot;properties/availability&quot;" time="0"/>
  <testcase classname="| Test | unknown_internal_error | 500 | unknown_internal_error | An internal server error has occurred. |" name="Given Basic web application is running" time="0"/>
  <testcase classname="| Test | unknown_internal_error | 500 | unknown_internal_error | An internal server error has occurred. |" name="When user sets header &quot;Test&quot; value &quot;unknown_internal_error&quot;" time="0"/>
  <testcase classname="| Test | unknown_internal_error | 500 | unknown_internal_error | An internal server error has occurred. |" name="And performs GET request" time="0"/>
  <testcase classname="| Test | unknown_internal_error | 500 | unknown_internal_error | An internal server error has occurred. |" name="Then the response code should be &quot;500&quot;" time="0"/>
  <testcase classname="| Test | unknown_internal_error | 500 | unknown_internal_error | An internal server error has occurred. |" name="And user should see json response with paris on the filtered &quot;.&quot; node" time="0"/>
  <testcase classname="| Test | unknown_internal_error | 500 | unknown_internal_error | An internal server error has occurred. |" name="| Test | unknown_internal_error | 500 | unknown_internal_error | An internal server error has occurred. |" time="0"/>
  <testcase classname="| Test | service_unavailable | 503 | service_unavailable | This service is currently unavailable. |" name="Given simple init" time="0"/>
  <testcase classname="| Test | service_unavailable | 503 | service_unavailable | This service is currently unavailable. |" name="And partner is &quot;EPS&quot;" time="0"/>
  <testcase classname="| Test | service_unavailable | 503 | service_unavailable | This service is currently unavailable. |" name="And web application endpoint url is &quot;https://test.ean.com&quot;" time="0"/>
  <testcase classname="| Test | service_unavailable | 503 | service_unavailable | This service is currently unavailable. |" name="And version is &quot;2.1&quot;" time="0"/>
  <testcase classname="| Test | service_unavailable | 503 | service_unavailable | This service is currently unavailable. |" name="And headers are" time="0"/>
  <testcase classname="| Test | service_unavailable | 503 | service_unavailable | This service is currently unavailable. |" name="And Generate authHeaderKey with" time="0"/>
  <testcase classname="| Test | service_unavailable | 503 | service_unavailable | This service is currently unavailable. |" name="And queryParams are" time="0"/>
  <testcase classname="| Test | service_unavailable | 503 | service_unavailable | This service is currently unavailable. |" name="And user sets GET request to &quot;properties/availability&quot;" time="0.003"/>
  <testcase classname="| Test | service_unavailable | 503 | service_unavailable | This service is currently unavailable. |" name="Given Basic web application is running" time="0"/>
  <testcase classname="| Test | service_unavailable | 503 | service_unavailable | This service is currently unavailable. |" name="When user sets header &quot;Test&quot; value &quot;service_unavailable&quot;" time="0"/>
  <testcase classname="| Test | service_unavailable | 503 | service_unavailable | This service is currently unavailable. |" name="And performs GET request" time="0"/>
  <testcase classname="| Test | service_unavailable | 503 | service_unavailable | This service is currently unavailable. |" name="Then the response code should be &quot;503&quot;" time="0"/>
  <testcase classname="| Test | service_unavailable | 503 | service_unavailable | This service is currently unavailable. |" name="And user should see json response with paris on the filtered &quot;.&quot; node" time="0"/>
  <testcase classname="| Test | service_unavailable | 503 | service_unavailable | This service is currently unavailable. |" name="| Test | service_unavailable | 503 | service_unavailable | This service is currently unavailable. |" time="0"/>
  <testcase classname="| Test | forbidden | 403 | request_forbidden | Your request could not be authorized. Ensure that you have access. |" name="Given simple init" time="0"/>
  <testcase classname="| Test | forbidden | 403 | request_forbidden | Your request could not be authorized. Ensure that you have access. |" name="And partner is &quot;EPS&quot;" time="0"/>
  <testcase classname="| Test | forbidden | 403 | request_forbidden | Your request could not be authorized. Ensure that you have access. |" name="And web application endpoint url is &quot;https://test.ean.com&quot;" time="0.001"/>
  <testcase classname="| Test | forbidden | 403 | request_forbidden | Your request could not be authorized. Ensure that you have access. |" name="And version is &quot;2.1&quot;" time="0"/>
  <testcase classname="| Test | forbidden | 403 | request_forbidden | Your request could not be authorized. Ensure that you have access. |" name="And headers are" time="0.001"/>
  <testcase classname="| Test | forbidden | 403 | request_forbidden | Your request could not be authorized. Ensure that you have access. |" name="And Generate authHeaderKey with" time="0"/>
  <testcase classname="| Test | forbidden | 403 | request_forbidden | Your request could not be authorized. Ensure that you have access. |" name="And queryParams are" time="0"/>
  <testcase classname="| Test | forbidden | 403 | request_forbidden | Your request could not be authorized. Ensure that you have access. |" name="And user sets GET request to &quot;properties/availability&quot;" time="0"/>
  <testcase classname="| Test | forbidden | 403 | request_forbidden | Your request could not be authorized. Ensure that you have access. |" name="Given Basic web application is running" time="0"/>
  <testcase classname="| Test | forbidden | 403 | request_forbidden | Your request could not be authorized. Ensure that you have access. |" name="When user sets header &quot;Test&quot; value &quot;forbidden&quot;" time="0"/>
  <testcase classname="| Test | forbidden | 403 | request_forbidden | Your request could not be authorized. Ensure that you have access. |" name="And performs GET request" time="0.001"/>
  <testcase classname="| Test | forbidden | 403 | request_forbidden | Your request could not be authorized. Ensure that you have access. |" name="Then the response code should be &quot;403&quot;" time="0"/>
  <testcase classname="| Test | forbidden | 403 | request_forbidden | Your request could not be authorized. Ensure that you have access. |" name="And user should see json response with paris on the filtered &quot;.&quot; node" time="0"/>
  <testcase classname="| Test | forbidden | 403 | request_forbidden | Your request could not be authorized. Ensure that you have access. |" name="| Test | forbidden | 403 | request_forbidden | Your request could not be authorized. Ensure that you have access. |" time="0"/>
  <testcase classname="Scenario: Rapid test with invalid value like &quot;Test=INVALID&quot;" name="Given simple init" time="0"/>
  <testcase classname="Scenario: Rapid test with invalid value like &quot;Test=INVALID&quot;" name="And partner is &quot;EPS&quot;" time="0"/>
  <testcase classname="Scenario: Rapid test with invalid value like &quot;Test=INVALID&quot;" name="And web application endpoint url is &quot;https://test.ean.com&quot;" time="0"/>
  <testcase classname="Scenario: Rapid test with invalid value like &quot;Test=INVALID&quot;" name="And version is &quot;2.1&quot;" time="0"/>
  <testcase classname="Scenario: Rapid test with invalid value like &quot;Test=INVALID&quot;" name="And headers are" time="0"/>
  <testcase classname="Scenario: Rapid test with invalid value like &quot;Test=INVALID&quot;" name="And Generate authHeaderKey with" time="0"/>
  <testcase classname="Scenario: Rapid test with invalid value like &quot;Test=INVALID&quot;" name="And queryParams are" time="0"/>
  <testcase classname="Scenario: Rapid test with invalid value like &quot;Test=INVALID&quot;" name="And user sets GET request to &quot;properties/availability&quot;" time="0"/>
  <testcase classname="Scenario: Rapid test with invalid value like &quot;Test=INVALID&quot;" name="Given Basic web application is running" time="0"/>
  <testcase classname="Scenario: Rapid test with invalid value like &quot;Test=INVALID&quot;" name="When user sets header &quot;Test&quot; value &quot;INVALID&quot;" time="0"/>
  <testcase classname="Scenario: Rapid test with invalid value like &quot;Test=INVALID&quot;" name="And performs GET request" time="0"/>
  <testcase classname="Scenario: Rapid test with invalid value like &quot;Test=INVALID&quot;" name="Then the response code should be 400" time="0"/>
  <testcase classname="Scenario: Rapid test with invalid value like &quot;Test=INVALID&quot;" name="And user should see json response with paris on the filtered &quot;.&quot; node" time="0"/>
  <testcase classname="Scenario: Rapid test with invalid value like &quot;Test=INVALID&quot;" name="And user should see json response with paris on the filtered &quot;errors[0]&quot; node" time="0"/>
  <testcase classname="Scenario: Rapid test with invalid value like &quot;Test=INVALID&quot;" name="Scenario: Rapid test with invalid value like &quot;Test=INVALID&quot;" time="0"/>
  <testcase classname="Scenario: Missing Customer-Ip in header" name="Given simple init" time="0"/>
  <testcase classname="Scenario: Missing Customer-Ip in header" name="And partner is &quot;EPS&quot;" time="0"/>
  <testcase classname="Scenario: Missing Customer-Ip in header" name="And web application endpoint url is &quot;https://test.ean.com&quot;" time="0"/>
  <testcase classname="Scenario: Missing Customer-Ip in header" name="And version is &quot;2.1&quot;" time="0"/>
  <testcase classname="Scenario: Missing Customer-Ip in header" name="And headers are" time="0"/>
  <testcase classname="Scenario: Missing Customer-Ip in header" name="And Generate authHeaderKey with" time="0"/>
  <testcase classname="Scenario: Missing Customer-Ip in header" name="And queryParams are" time="0"/>
  <testcase classname="Scenario: Missing Customer-Ip in header" name="And user sets GET request to &quot;properties/availability&quot;" time="0"/>
  <testcase classname="Scenario: Missing Customer-Ip in header" name="Given Basic web application is running" time="0"/>
  <testcase classname="Scenario: Missing Customer-Ip in header" name="When user sets header &quot;Customer-Ip&quot; value &quot;null&quot;" time="0.001"/>
  <testcase classname="Scenario: Missing Customer-Ip in header" name="And performs GET request" time="0"/>
  <testcase classname="Scenario: Missing Customer-Ip in header" name="Then the response code should be 400" time="0"/>
  <testcase classname="Scenario: Missing Customer-Ip in header" name="And user should see json response with paris on the filtered &quot;.&quot; node" time="0"/>
  <testcase classname="Scenario: Missing Customer-Ip in header" name="And user should see json response with paris on the filtered &quot;errors[0]&quot; node" time="0"/>
  <testcase classname="Scenario: Missing Customer-Ip in header" name="And user should see json response with paris on the filtered &quot;errors[0].fields[0]&quot; node" time="0"/>
  <testcase classname="Scenario: Missing Customer-Ip in header" name="Scenario: Missing Customer-Ip in header" time="0"/>
  <testcase classname="| property_id | property_id.required | Property Id is required. |" name="Given simple init" time="0.001"/>
  <testcase classname="| property_id | property_id.required | Property Id is required. |" name="And partner is &quot;EPS&quot;" time="0"/>
  <testcase classname="| property_id | property_id.required | Property Id is required. |" name="And web application endpoint url is &quot;https://test.ean.com&quot;" time="0"/>
  <testcase classname="| property_id | property_id.required | Property Id is required. |" name="And version is &quot;2.1&quot;" time="0"/>
  <testcase classname="| property_id | property_id.required | Property Id is required. |" name="And headers are" time="0"/>
  <testcase classname="| property_id | property_id.required | Property Id is required. |" name="And Generate authHeaderKey with" time="0"/>
  <testcase classname="| property_id | property_id.required | Property Id is required. |" name="And queryParams are" time="0"/>
  <testcase classname="| property_id | property_id.required | Property Id is required. |" name="And user sets GET request to &quot;properties/availability&quot;" time="0"/>
  <testcase classname="| property_id | property_id.required | Property Id is required. |" name="Given Basic web application is running" time="0.002"/>
  <testcase classname="| property_id | property_id.required | Property Id is required. |" name="When user sets queryParam &quot;property_id&quot; value &quot;null&quot;" time="0.001"/>
  <testcase classname="| property_id | property_id.required | Property Id is required. |" name="And performs GET request" time="0.001"/>
  <testcase classname="| property_id | property_id.required | Property Id is required. |" name="Then the response code should be 400" time="0"/>
  <testcase classname="| property_id | property_id.required | Property Id is required. |" name="And user should see json response with paris on the filtered &quot;.&quot; node" time="0"/>
  <testcase classname="| property_id | property_id.required | Property Id is required. |" name="And user should see json response with paris on the filtered &quot;errors[0]&quot; node" time="0.001"/>
  <testcase classname="| property_id | property_id.required | Property Id is required. |" name="And user should see json response with paris on the filtered &quot;errors[0].fields[0]&quot; node" time="0"/>
  <testcase classname="| property_id | property_id.required | Property Id is required. |" name="| property_id | property_id.required | Property Id is required. |" time="0"/>
  <testcase classname="| checkin | checkin.required | Checkin is required. |" name="Given simple init" time="0"/>
  <testcase classname="| checkin | checkin.required | Checkin is required. |" name="And partner is &quot;EPS&quot;" time="0"/>
  <testcase classname="| checkin | checkin.required | Checkin is required. |" name="And web application endpoint url is &quot;https://test.ean.com&quot;" time="0"/>
  <testcase classname="| checkin | checkin.required | Checkin is required. |" name="And version is &quot;2.1&quot;" time="0"/>
  <testcase classname="| checkin | checkin.required | Checkin is required. |" name="And headers are" time="0"/>
  <testcase classname="| checkin | checkin.required | Checkin is required. |" name="And Generate authHeaderKey with" time="0"/>
  <testcase classname="| checkin | checkin.required | Checkin is required. |" name="And queryParams are" time="0"/>
  <testcase classname="| checkin | checkin.required | Checkin is required. |" name="And user sets GET request to &quot;properties/availability&quot;" time="0"/>
  <testcase classname="| checkin | checkin.required | Checkin is required. |" name="Given Basic web application is running" time="0"/>
  <testcase classname="| checkin | checkin.required | Checkin is required. |" name="When user sets queryParam &quot;checkin&quot; value &quot;null&quot;" time="0"/>
  <testcase classname="| checkin | checkin.required | Checkin is required. |" name="And performs GET request" time="0"/>
  <testcase classname="| checkin | checkin.required | Checkin is required. |" name="Then the response code should be 400" time="0"/>
  <testcase classname="| checkin | checkin.required | Checkin is required. |" name="And user should see json response with paris on the filtered &quot;.&quot; node" time="0"/>
  <testcase classname="| checkin | checkin.required | Checkin is required. |" name="And user should see json response with paris on the filtered &quot;errors[0]&quot; node" time="0"/>
  <testcase classname="| checkin | checkin.required | Checkin is required. |" name="And user should see json response with paris on the filtered &quot;errors[0].fields[0]&quot; node" time="0"/>
  <testcase classname="| checkin | checkin.required | Checkin is required. |" name="| checkin | checkin.required | Checkin is required. |" time="0.001"/>
  <testcase classname="| checkout | checkout.required | Checkout is required. |" name="Given simple init" time="0"/>
  <testcase classname="| checkout | checkout.required | Checkout is required. |" name="And partner is &quot;EPS&quot;" time="0.001"/>
  <testcase classname="| checkout | checkout.required | Checkout is required. |" name="And web application endpoint url is &quot;https://test.ean.com&quot;" time="0"/>
  <testcase classname="| checkout | checkout.required | Checkout is required. |" name="And version is &quot;2.1&quot;" time="0"/>
  <testcase classname="| checkout | checkout.required | Checkout is required. |" name="And headers are" time="0"/>
  <testcase classname="| checkout | checkout.required | Checkout is required. |" name="And Generate authHeaderKey with" time="0"/>
  <testcase classname="| checkout | checkout.required | Checkout is required. |" name="And queryParams are" time="0"/>
  <testcase classname="| checkout | checkout.required | Checkout is required. |" name="And user sets GET request to &quot;properties/availability&quot;" time="0"/>
  <testcase classname="| checkout | checkout.required | Checkout is required. |" name="Given Basic web application is running" time="0"/>
  <testcase classname="| checkout | checkout.required | Checkout is required. |" name="When user sets queryParam &quot;checkout&quot; value &quot;null&quot;" time="0"/>
  <testcase classname="| checkout | checkout.required | Checkout is required. |" name="And performs GET request" time="0"/>
  <testcase classname="| checkout | checkout.required | Checkout is required. |" name="Then the response code should be 400" time="0"/>
  <testcase classname="| checkout | checkout.required | Checkout is required. |" name="And user should see json response with paris on the filtered &quot;.&quot; node" time="0"/>
  <testcase classname="| checkout | checkout.required | Checkout is required. |" name="And user should see json response with paris on the filtered &quot;errors[0]&quot; node" time="0"/>
  <testcase classname="| checkout | checkout.required | Checkout is required. |" name="And user should see json response with paris on the filtered &quot;errors[0].fields[0]&quot; node" time="0"/>
  <testcase classname="| checkout | checkout.required | Checkout is required. |" name="| checkout | checkout.required | Checkout is required. |" time="0"/>
  <testcase classname="| currency | currency.required | Currency code is required. |" name="Given simple init" time="0"/>
  <testcase classname="| currency | currency.required | Currency code is required. |" name="And partner is &quot;EPS&quot;" time="0"/>
  <testcase classname="| currency | currency.required | Currency code is required. |" name="And web application endpoint url is &quot;https://test.ean.com&quot;" time="0"/>
  <testcase classname="| currency | currency.required | Currency code is required. |" name="And version is &quot;2.1&quot;" time="0"/>
  <testcase classname="| currency | currency.required | Currency code is required. |" name="And headers are" time="0"/>
  <testcase classname="| currency | currency.required | Currency code is required. |" name="And Generate authHeaderKey with" time="0"/>
  <testcase classname="| currency | currency.required | Currency code is required. |" name="And queryParams are" time="0"/>
  <testcase classname="| currency | currency.required | Currency code is required. |" name="And user sets GET request to &quot;properties/availability&quot;" time="0"/>
  <testcase classname="| currency | currency.required | Currency code is required. |" name="Given Basic web application is running" time="0"/>
  <testcase classname="| currency | currency.required | Currency code is required. |" name="When user sets queryParam &quot;currency&quot; value &quot;null&quot;" time="0"/>
  <testcase classname="| currency | currency.required | Currency code is required. |" name="And performs GET request" time="0"/>
  <testcase classname="| currency | currency.required | Currency code is required. |" name="Then the response code should be 400" time="0"/>
  <testcase classname="| currency | currency.required | Currency code is required. |" name="And user should see json response with paris on the filtered &quot;.&quot; node" time="0"/>
  <testcase classname="| currency | currency.required | Currency code is required. |" name="And user should see json response with paris on the filtered &quot;errors[0]&quot; node" time="0"/>
  <testcase classname="| currency | currency.required | Currency code is required. |" name="And user should see json response with paris on the filtered &quot;errors[0].fields[0]&quot; node" time="0.001"/>
  <testcase classname="| currency | currency.required | Currency code is required. |" name="| currency | currency.required | Currency code is required. |" time="0.001"/>
  <testcase classname="| language | language.required | Language code is required. |" name="Given simple init" time="0"/>
  <testcase classname="| language | language.required | Language code is required. |" name="And partner is &quot;EPS&quot;" time="0.001"/>
  <testcase classname="| language | language.required | Language code is required. |" name="And web application endpoint url is &quot;https://test.ean.com&quot;" time="0"/>
  <testcase classname="| language | language.required | Language code is required. |" name="And version is &quot;2.1&quot;" time="0"/>
  <testcase classname="| language | language.required | Language code is required. |" name="And headers are" time="0"/>
  <testcase classname="| language | language.required | Language code is required. |" name="And Generate authHeaderKey with" time="0"/>
  <testcase classname="| language | language.required | Language code is required. |" name="And queryParams are" time="0"/>
  <testcase classname="| language | language.required | Language code is required. |" name="And user sets GET request to &quot;properties/availability&quot;" time="0"/>
  <testcase classname="| language | language.required | Language code is required. |" name="Given Basic web application is running" time="0"/>
  <testcase classname="| language | language.required | Language code is required. |" name="When user sets queryParam &quot;language&quot; value &quot;null&quot;" time="0"/>
  <testcase classname="| language | language.required | Language code is required. |" name="And performs GET request" time="0"/>
  <testcase classname="| language | language.required | Language code is required. |" name="Then the response code should be 400" time="0"/>
  <testcase classname="| language | language.required | Language code is required. |" name="And user should see json response with paris on the filtered &quot;.&quot; node" time="0"/>
  <testcase classname="| language | language.required | Language code is required. |" name="And user should see json response with paris on the filtered &quot;errors[0]&quot; node" time="0"/>
  <testcase classname="| language | language.required | Language code is required. |" name="And user should see json response with paris on the filtered &quot;errors[0].fields[0]&quot; node" time="0"/>
  <testcase classname="| language | language.required | Language code is required. |" name="| language | language.required | Language code is required. |" time="0"/>
  <testcase classname="| country_code | country_code.required | Country code is required. |" name="Given simple init" time="0"/>
  <testcase classname="| country_code | country_code.required | Country code is required. |" name="And partner is &quot;EPS&quot;" time="0"/>
  <testcase classname="| country_code | country_code.required | Country code is required. |" name="And web application endpoint url is &quot;https://test.ean.com&quot;" time="0"/>
  <testcase classname="| country_code | country_code.required | Country code is required. |" name="And version is &quot;2.1&quot;" time="0"/>
  <testcase classname="| country_code | country_code.required | Country code is required. |" name="And headers are" time="0"/>
  <testcase classname="| country_code | country_code.required | Country code is required. |" name="And Generate authHeaderKey with" time="0"/>
  <testcase classname="| country_code | country_code.required | Country code is required. |" name="And queryParams are" time="0"/>
  <testcase classname="| country_code | country_code.required | Country code is required. |" name="And user sets GET request to &quot;properties/availability&quot;" time="0"/>
  <testcase classname="| country_code | country_code.required | Country code is required. |" name="Given Basic web application is running" time="0"/>
  <testcase classname="| country_code | country_code.required | Country code is required. |" name="When user sets queryParam &quot;country_code&quot; value &quot;null&quot;" time="0"/>
  <testcase classname="| country_code | country_code.required | Country code is required. |" name="And performs GET request" time="0"/>
  <testcase classname="| country_code | country_code.required | Country code is required. |" name="Then the response code should be 400" time="0"/>
  <testcase classname="| country_code | country_code.required | Country code is required. |" name="And user should see json response with paris on the filtered &quot;.&quot; node" time="0"/>
  <testcase classname="| country_code | country_code.required | Country code is required. |" name="And user should see json response with paris on the filtered &quot;errors[0]&quot; node" time="0.001"/>
  <testcase classname="| country_code | country_code.required | Country code is required. |" name="And user should see json response with paris on the filtered &quot;errors[0].fields[0]&quot; node" time="0"/>
  <testcase classname="| country_code | country_code.required | Country code is required. |" name="| country_code | country_code.required | Country code is required. |" time="0"/>
  <testcase classname="| occupancy | occupancy.required | Occupancy is required. |" name="Given simple init" time="0"/>
  <testcase classname="| occupancy | occupancy.required | Occupancy is required. |" name="And partner is &quot;EPS&quot;" time="0"/>
  <testcase classname="| occupancy | occupancy.required | Occupancy is required. |" name="And web application endpoint url is &quot;https://test.ean.com&quot;" time="0.001"/>
  <testcase classname="| occupancy | occupancy.required | Occupancy is required. |" name="And version is &quot;2.1&quot;" time="0"/>
  <testcase classname="| occupancy | occupancy.required | Occupancy is required. |" name="And headers are" time="0"/>
  <testcase classname="| occupancy | occupancy.required | Occupancy is required. |" name="And Generate authHeaderKey with" time="0"/>
  <testcase classname="| occupancy | occupancy.required | Occupancy is required. |" name="And queryParams are" time="0"/>
  <testcase classname="| occupancy | occupancy.required | Occupancy is required. |" name="And user sets GET request to &quot;properties/availability&quot;" time="0"/>
  <testcase classname="| occupancy | occupancy.required | Occupancy is required. |" name="Given Basic web application is running" time="0.001"/>
  <testcase classname="| occupancy | occupancy.required | Occupancy is required. |" name="When user sets queryParam &quot;occupancy&quot; value &quot;null&quot;" time="0"/>
  <testcase classname="| occupancy | occupancy.required | Occupancy is required. |" name="And performs GET request" time="0"/>
  <testcase classname="| occupancy | occupancy.required | Occupancy is required. |" name="Then the response code should be 400" time="0"/>
  <testcase classname="| occupancy | occupancy.required | Occupancy is required. |" name="And user should see json response with paris on the filtered &quot;.&quot; node" time="0"/>
  <testcase classname="| occupancy | occupancy.required | Occupancy is required. |" name="And user should see json response with paris on the filtered &quot;errors[0]&quot; node" time="0"/>
  <testcase classname="| occupancy | occupancy.required | Occupancy is required. |" name="And user should see json response with paris on the filtered &quot;errors[0].fields[0]&quot; node" time="0"/>
  <testcase classname="| occupancy | occupancy.required | Occupancy is required. |" name="| occupancy | occupancy.required | Occupancy is required. |" time="0.001"/>
  <testcase classname="| sales_channel | sales_channel.required | Sales Channel is required.  Accepted sales_channel values are: [website, agent_tool, mobile_app, mobile_web, cache, meta]. |" name="Given simple init" time="0.001"/>
  <testcase classname="| sales_channel | sales_channel.required | Sales Channel is required.  Accepted sales_channel values are: [website, agent_tool, mobile_app, mobile_web, cache, meta]. |" name="And partner is &quot;EPS&quot;" time="0"/>
  <testcase classname="| sales_channel | sales_channel.required | Sales Channel is required.  Accepted sales_channel values are: [website, agent_tool, mobile_app, mobile_web, cache, meta]. |" name="And web application endpoint url is &quot;https://test.ean.com&quot;" time="0"/>
  <testcase classname="| sales_channel | sales_channel.required | Sales Channel is required.  Accepted sales_channel values are: [website, agent_tool, mobile_app, mobile_web, cache, meta]. |" name="And version is &quot;2.1&quot;" time="0"/>
  <testcase classname="| sales_channel | sales_channel.required | Sales Channel is required.  Accepted sales_channel values are: [website, agent_tool, mobile_app, mobile_web, cache, meta]. |" name="And headers are" time="0"/>
  <testcase classname="| sales_channel | sales_channel.required | Sales Channel is required.  Accepted sales_channel values are: [website, agent_tool, mobile_app, mobile_web, cache, meta]. |" name="And Generate authHeaderKey with" time="0"/>
  <testcase classname="| sales_channel | sales_channel.required | Sales Channel is required.  Accepted sales_channel values are: [website, agent_tool, mobile_app, mobile_web, cache, meta]. |" name="And queryParams are" time="0.001"/>
  <testcase classname="| sales_channel | sales_channel.required | Sales Channel is required.  Accepted sales_channel values are: [website, agent_tool, mobile_app, mobile_web, cache, meta]. |" name="And user sets GET request to &quot;properties/availability&quot;" time="0"/>
  <testcase classname="| sales_channel | sales_channel.required | Sales Channel is required.  Accepted sales_channel values are: [website, agent_tool, mobile_app, mobile_web, cache, meta]. |" name="Given Basic web application is running" time="0.001"/>
  <testcase classname="| sales_channel | sales_channel.required | Sales Channel is required.  Accepted sales_channel values are: [website, agent_tool, mobile_app, mobile_web, cache, meta]. |" name="When user sets queryParam &quot;sales_channel&quot; value &quot;null&quot;" time="0"/>
  <testcase classname="| sales_channel | sales_channel.required | Sales Channel is required.  Accepted sales_channel values are: [website, agent_tool, mobile_app, mobile_web, cache, meta]. |" name="And performs GET request" time="0"/>
  <testcase classname="| sales_channel | sales_channel.required | Sales Channel is required.  Accepted sales_channel values are: [website, agent_tool, mobile_app, mobile_web, cache, meta]. |" name="Then the response code should be 400" time="0"/>
  <testcase classname="| sales_channel | sales_channel.required | Sales Channel is required.  Accepted sales_channel values are: [website, agent_tool, mobile_app, mobile_web, cache, meta]. |" name="And user should see json response with paris on the filtered &quot;.&quot; node" time="0.001"/>
  <testcase classname="| sales_channel | sales_channel.required | Sales Channel is required.  Accepted sales_channel values are: [website, agent_tool, mobile_app, mobile_web, cache, meta]. |" name="And user should see json response with paris on the filtered &quot;errors[0]&quot; node" time="0"/>
  <testcase classname="| sales_channel | sales_channel.required | Sales Channel is required.  Accepted sales_channel values are: [website, agent_tool, mobile_app, mobile_web, cache, meta]. |" name="And user should see json response with paris on the filtered &quot;errors[0].fields[0]&quot; node" time="0"/>
  <testcase classname="| sales_channel | sales_channel.required | Sales Channel is required.  Accepted sales_channel values are: [website, agent_tool, mobile_app, mobile_web, cache, meta]. |" name="| sales_channel | sales_channel.required | Sales Channel is required.  Accepted sales_channel values are: [website, agent_tool, mobile_app, mobile_web, cache, meta]. |" time="0"/>
  <testcase classname="| sales_environment | sales_environment.required | Sales Environment is required.  Accepted sales_environment values are: [hotel_only, hotel_package, loyalty]. |" name="Given simple init" time="0"/>
  <testcase classname="| sales_environment | sales_environment.required | Sales Environment is required.  Accepted sales_environment values are: [hotel_only, hotel_package, loyalty]. |" name="And partner is &quot;EPS&quot;" time="0"/>
  <testcase classname="| sales_environment | sales_environment.required | Sales Environment is required.  Accepted sales_environment values are: [hotel_only, hotel_package, loyalty]. |" name="And web application endpoint url is &quot;https://test.ean.com&quot;" time="0"/>
  <testcase classname="| sales_environment | sales_environment.required | Sales Environment is required.  Accepted sales_environment values are: [hotel_only, hotel_package, loyalty]. |" name="And version is &quot;2.1&quot;" time="0"/>
  <testcase classname="| sales_environment | sales_environment.required | Sales Environment is required.  Accepted sales_environment values are: [hotel_only, hotel_package, loyalty]. |" name="And headers are" time="0"/>
  <testcase classname="| sales_environment | sales_environment.required | Sales Environment is required.  Accepted sales_environment values are: [hotel_only, hotel_package, loyalty]. |" name="And Generate authHeaderKey with" time="0"/>
  <testcase classname="| sales_environment | sales_environment.required | Sales Environment is required.  Accepted sales_environment values are: [hotel_only, hotel_package, loyalty]. |" name="And queryParams are" time="0"/>
  <testcase classname="| sales_environment | sales_environment.required | Sales Environment is required.  Accepted sales_environment values are: [hotel_only, hotel_package, loyalty]. |" name="And user sets GET request to &quot;properties/availability&quot;" time="0"/>
  <testcase classname="| sales_environment | sales_environment.required | Sales Environment is required.  Accepted sales_environment values are: [hotel_only, hotel_package, loyalty]. |" name="Given Basic web application is running" time="0"/>
  <testcase classname="| sales_environment | sales_environment.required | Sales Environment is required.  Accepted sales_environment values are: [hotel_only, hotel_package, loyalty]. |" name="When user sets queryParam &quot;sales_environment&quot; value &quot;null&quot;" time="0"/>
  <testcase classname="| sales_environment | sales_environment.required | Sales Environment is required.  Accepted sales_environment values are: [hotel_only, hotel_package, loyalty]. |" name="And performs GET request" time="0"/>
  <testcase classname="| sales_environment | sales_environment.required | Sales Environment is required.  Accepted sales_environment values are: [hotel_only, hotel_package, loyalty]. |" name="Then the response code should be 400" time="0"/>
  <testcase classname="| sales_environment | sales_environment.required | Sales Environment is required.  Accepted sales_environment values are: [hotel_only, hotel_package, loyalty]. |" name="And user should see json response with paris on the filtered &quot;.&quot; node" time="0.001"/>
  <testcase classname="| sales_environment | sales_environment.required | Sales Environment is required.  Accepted sales_environment values are: [hotel_only, hotel_package, loyalty]. |" name="And user should see json response with paris on the filtered &quot;errors[0]&quot; node" time="0"/>
  <testcase classname="| sales_environment | sales_environment.required | Sales Environment is required.  Accepted sales_environment values are: [hotel_only, hotel_package, loyalty]. |" name="And user should see json response with paris on the filtered &quot;errors[0].fields[0]&quot; node" time="0"/>
  <testcase classname="| sales_environment | sales_environment.required | Sales Environment is required.  Accepted sales_environment values are: [hotel_only, hotel_package, loyalty]. |" name="| sales_environment | sales_environment.required | Sales Environment is required.  Accepted sales_environment values are: [hotel_only, hotel_package, loyalty]. |" time="0"/>
  <testcase classname="| sort_type | sort_type.required | Sort Type is required.  Accepted sort_type values are: [preferred]. |" name="Given simple init" time="0"/>
  <testcase classname="| sort_type | sort_type.required | Sort Type is required.  Accepted sort_type values are: [preferred]. |" name="And partner is &quot;EPS&quot;" time="0"/>
  <testcase classname="| sort_type | sort_type.required | Sort Type is required.  Accepted sort_type values are: [preferred]. |" name="And web application endpoint url is &quot;https://test.ean.com&quot;" time="0.001"/>
  <testcase classname="| sort_type | sort_type.required | Sort Type is required.  Accepted sort_type values are: [preferred]. |" name="And version is &quot;2.1&quot;" time="0"/>
  <testcase classname="| sort_type | sort_type.required | Sort Type is required.  Accepted sort_type values are: [preferred]. |" name="And headers are" time="0"/>
  <testcase classname="| sort_type | sort_type.required | Sort Type is required.  Accepted sort_type values are: [preferred]. |" name="And Generate authHeaderKey with" time="0"/>
  <testcase classname="| sort_type | sort_type.required | Sort Type is required.  Accepted sort_type values are: [preferred]. |" name="And queryParams are" time="0"/>
  <testcase classname="| sort_type | sort_type.required | Sort Type is required.  Accepted sort_type values are: [preferred]. |" name="And user sets GET request to &quot;properties/availability&quot;" time="0"/>
  <testcase classname="| sort_type | sort_type.required | Sort Type is required.  Accepted sort_type values are: [preferred]. |" name="Given Basic web application is running" time="0"/>
  <testcase classname="| sort_type | sort_type.required | Sort Type is required.  Accepted sort_type values are: [preferred]. |" name="When user sets queryParam &quot;sort_type&quot; value &quot;null&quot;" time="0"/>
  <testcase classname="| sort_type | sort_type.required | Sort Type is required.  Accepted sort_type values are: [preferred]. |" name="And performs GET request" time="0"/>
  <testcase classname="| sort_type | sort_type.required | Sort Type is required.  Accepted sort_type values are: [preferred]. |" name="Then the response code should be 400" time="0"/>
  <testcase classname="| sort_type | sort_type.required | Sort Type is required.  Accepted sort_type values are: [preferred]. |" name="And user should see json response with paris on the filtered &quot;.&quot; node" time="0.002"/>
  <testcase classname="| sort_type | sort_type.required | Sort Type is required.  Accepted sort_type values are: [preferred]. |" name="And user should see json response with paris on the filtered &quot;errors[0]&quot; node" time="0"/>
  <testcase classname="| sort_type | sort_type.required | Sort Type is required.  Accepted sort_type values are: [preferred]. |" name="And user should see json response with paris on the filtered &quot;errors[0].fields[0]&quot; node" time="0"/>
  <testcase classname="| sort_type | sort_type.required | Sort Type is required.  Accepted sort_type values are: [preferred]. |" name="| sort_type | sort_type.required | Sort Type is required.  Accepted sort_type values are: [preferred]. |" time="0"/>
  <testcase classname="Scenario: Availability API successful response" name="Given simple init" time="0"/>
  <testcase classname="Scenario: Availability API successful response" name="And partner is &quot;EPS&quot;" time="0"/>
  <testcase classname="Scenario: Availability API successful response" name="And web application endpoint url is &quot;https://test.ean.com&quot;" time="0"/>
  <testcase classname="Scenario: Availability API successful response" name="And version is &quot;2.1&quot;" time="0"/>
  <testcase classname="Scenario: Availability API successful response" name="And headers are" time="0"/>
  <testcase classname="Scenario: Availability API successful response" name="And Generate authHeaderKey with" time="0"/>
  <testcase classname="Scenario: Availability API successful response" name="And queryParams are" time="0"/>
  <testcase classname="Scenario: Availability API successful response" name="And user sets GET request to &quot;properties/availability&quot;" time="0"/>
  <testcase classname="Scenario: Availability API successful response" name="Given Basic web application is running" time="0"/>
  <testcase classname="Scenario: Availability API successful response" name="When performs GET request" time="0.001"/>
  <testcase classname="Scenario: Availability API successful response" name="Then the response code should be 200" time="0"/>
  <testcase classname="Scenario: Availability API successful response" name="Scenario: Availability API successful response" time="0"/>
</testsuite>